  climate.c
  controls.c
  culvert.c
  datetime.c
  dwflow.c
  dynwave.c
  error.c
  exfil.c
  findroot.c
  flowrout.c
  forcmain.c
  gage.c
  gwater.c
  hash.c
  hotstart.c
  iface.c
  infil.c
  inflow.c
  input.c
  inputrpt.c
  正在生成代码...
  正在编译...
  keywords.c
  kinwave.c
  landuse.c
  lid.c
  lidproc.c
  link.c
  main.c
d:\swmm_x\resource\sourcecode4\main.c(55): warning C4013: “strcmp”未定义；假设外部返回 int
  massbal.c
  mathexpr.c
  mempool.c
  node.c
  odesolve.c
  output.c
  project.c
  qualrout.c
  rain.c
  rdii.c
  report.c
  roadway.c
  routing.c
  正在生成代码...
  正在编译...
  runoff.c
  shape.c
  snow.c
  stats.c
  statsrpt.c
  subcatch.c
  surfqual.c
  swmm5.c
  table.c
  toposort.c
  transect.c
  treatmnt.c
  xsect.c
  正在生成代码...
    正在创建库 D:\SWMM_x\Resource\sourcecode4\VS2017-DLL\Debug\VS2017-DLL.lib 和对象 D:\SWMM_x\Resource\sourcecode4\VS2017-DLL\Debug\VS2017-DLL.exp
  VS2017-DLL.vcxproj -> D:\SWMM_x\Resource\sourcecode4\VS2017-DLL\Debug\VS2017-DLL.exe
